0 verbose cli [
0 verbose cli   'C:\\Program Files\\nodejs\\node.exe',
0 verbose cli   'C:\\Users\\Maymuna Islam Mim\\AppData\\Roaming\\npm\\node_modules\\npm\\bin\\npm-cli.js',
0 verbose cli   'install',
0 verbose cli   'firebase'
0 verbose cli ]
1 info using npm@8.3.0
2 info using node@v14.17.6
3 timing npm:load:whichnode Completed in 1ms
4 timing config:load:defaults Completed in 2ms
5 timing config:load:file:C:\Users\Maymuna Islam Mim\AppData\Roaming\npm\node_modules\npm\npmrc Completed in 9ms
6 timing config:load:builtin Completed in 10ms
7 timing config:load:cli Completed in 3ms
8 timing config:load:env Completed in 8ms
9 timing config:load:file:C:\projects\lipstick-collection\.npmrc Completed in 0ms
10 timing config:load:project Completed in 1ms
11 timing config:load:file:C:\Users\Maymuna Islam Mim\.npmrc Completed in 0ms
12 timing config:load:user Completed in 1ms
13 timing config:load:file:C:\Users\Maymuna Islam Mim\AppData\Roaming\npm\etc\npmrc Completed in 1ms
14 timing config:load:global Completed in 1ms
15 timing config:load:validate Completed in 1ms
16 timing config:load:credentials Completed in 1ms
17 timing config:load:setEnvs Completed in 2ms
18 timing config:load Completed in 30ms
19 timing npm:load:configload Completed in 30ms
20 timing npm:load:setTitle Completed in 0ms
21 timing config:load:flatten Completed in 5ms
22 timing npm:load:display Completed in 7ms
23 verbose logfile C:\projects\lipstick-collection\_logs\2022-01-30T14_22_31_064Z-debug-0.log
24 timing npm:load:logFile Completed in 11ms
25 timing npm:load:timers Completed in 0ms
26 timing npm:load:configScope Completed in 0ms
27 timing npm:load Completed in 50ms
28 timing arborist:ctor Completed in 1ms
29 silly logfile start cleaning logs, removing 1 files
30 timing idealTree:init Completed in 2344ms
31 timing idealTree:userRequests Completed in 6ms
32 silly idealTree buildDeps
33 silly fetch manifest firebase@*
34 timing arborist:ctor Completed in 0ms
35 http fetch GET 200 https://registry.npmjs.org/firebase 78787ms (cache miss)
36 silly placeDep ROOT firebase@9.6.5 OK for: lipstick-collection@0.1.0 want: *
37 silly fetch manifest @firebase/app@0.7.15
38 silly fetch manifest @firebase/app-compat@0.1.16
39 silly fetch manifest @firebase/app-types@0.7.0
40 silly fetch manifest @firebase/auth@0.19.7
41 silly fetch manifest @firebase/auth-compat@0.2.7
42 silly fetch manifest @firebase/database@0.12.5
43 silly fetch manifest @firebase/database-compat@0.1.5
44 silly fetch manifest @firebase/firestore@3.4.4
45 silly fetch manifest @firebase/firestore-compat@0.1.13
46 silly fetch manifest @firebase/functions@0.7.8
47 silly fetch manifest @firebase/functions-compat@0.1.9
48 silly fetch manifest @firebase/installations@0.5.5
49 silly fetch manifest @firebase/messaging@0.9.7
50 silly fetch manifest @firebase/messaging-compat@0.1.7
51 silly fetch manifest @firebase/polyfill@0.3.36
52 silly fetch manifest @firebase/storage@0.9.2
53 silly fetch manifest @firebase/storage-compat@0.1.10
54 silly fetch manifest @firebase/performance@0.5.5
55 silly fetch manifest @firebase/performance-compat@0.1.5
56 silly fetch manifest @firebase/remote-config@0.3.4
57 silly fetch manifest @firebase/remote-config-compat@0.1.5
58 silly fetch manifest @firebase/analytics@0.7.5
59 silly fetch manifest @firebase/analytics-compat@0.1.6
60 silly fetch manifest @firebase/app-check@0.5.3
61 silly fetch manifest @firebase/app-check-compat@0.2.3
62 silly fetch manifest @firebase/util@1.4.3
63 http fetch GET 200 https://registry.npmjs.org/@firebase%2fdatabase-compat 20047ms (cache miss)
64 http fetch GET 200 https://registry.npmjs.org/@firebase%2fmessaging-compat 30464ms (cache miss)
65 http fetch GET 200 https://registry.npmjs.org/@firebase%2ffirestore-compat 31128ms (cache miss)
66 http fetch GET 200 https://registry.npmjs.org/@firebase%2fapp-compat 35403ms (cache miss)
67 http fetch GET 200 https://registry.npmjs.org/@firebase%2fauth-compat 46592ms (cache miss)
68 http fetch GET 200 https://registry.npmjs.org/@firebase%2fstorage-compat 54808ms (cache miss)
69 http fetch GET 200 https://registry.npmjs.org/@firebase%2fperformance-compat 88223ms (cache miss)
70 http fetch GET 200 https://registry.npmjs.org/@firebase%2fremote-config-compat 99379ms (cache miss)
71 http fetch GET 200 https://registry.npmjs.org/@firebase%2fanalytics-compat 145682ms (cache miss)
72 http fetch GET 200 https://registry.npmjs.org/@firebase%2fapp-check-compat 161538ms (cache miss)
73 http fetch GET 200 https://registry.npmjs.org/@firebase%2fapp-check 206578ms (cache miss)
74 http fetch GET 200 https://registry.npmjs.org/@firebase%2ffunctions-compat 315526ms attempt #2 (cache miss)
75 http fetch GET 200 https://registry.npmjs.org/@firebase%2fapp-types 326126ms (cache miss)
76 http fetch GET 200 https://registry.npmjs.org/@firebase%2finstallations 372724ms (cache miss)
77 http fetch GET 200 https://registry.npmjs.org/@firebase%2fapp 399629ms (cache miss)
78 http fetch GET 200 https://registry.npmjs.org/@firebase%2fmessaging 630297ms (cache miss)
79 http fetch GET 200 https://registry.npmjs.org/@firebase%2fpolyfill 1001862ms (cache miss)
80 timing npm Completed in 1300835ms
81 verbose unfinished npm timer command:install 1643552555872
82 verbose unfinished npm timer reify 1643552555877
83 verbose unfinished npm timer reify:loadTrees 1643552555901
84 verbose unfinished npm timer idealTree 1643552555902
85 verbose unfinished npm timer idealTree:buildDeps 1643552558254
86 verbose unfinished npm timer idealTree:#root 1643552558255
87 info ok
88 error Exit handler never called!
89 error This is an error with npm itself. Please report this error at:
90 error     <https://github.com/npm/cli/issues>
91 error A complete log of this run can be found in:
91 error     C:\projects\lipstick-collection\_logs\2022-01-30T14_22_31_064Z-debug-0.log
