0 verbose cli [
0 verbose cli   'C:\\Program Files\\nodejs\\node.exe',
0 verbose cli   'C:\\Users\\Maymuna Islam Mim\\AppData\\Roaming\\npm\\node_modules\\npm\\bin\\npm-cli.js',
0 verbose cli   'install',
0 verbose cli   '-g',
0 verbose cli   'npm@8.4.0'
0 verbose cli ]
1 info using npm@8.4.0
2 info using node@v14.17.6
3 timing npm:load:whichnode Completed in 0ms
4 timing config:load:defaults Completed in 2ms
5 timing config:load:file:C:\Users\Maymuna Islam Mim\AppData\Roaming\npm\node_modules\npm\npmrc Completed in 2ms
6 timing config:load:builtin Completed in 4ms
7 timing config:load:cli Completed in 5ms
8 timing config:load:env Completed in 1ms
9 timing config:load:project Completed in 1ms
10 timing config:load:file:C:\Users\Maymuna Islam Mim\.npmrc Completed in 1ms
11 timing config:load:user Completed in 1ms
12 timing config:load:file:C:\Users\Maymuna Islam Mim\AppData\Roaming\npm\etc\npmrc Completed in 2ms
13 timing config:load:global Completed in 2ms
14 timing config:load:validate Completed in 0ms
15 timing config:load:credentials Completed in 1ms
16 timing config:load:setEnvs Completed in 2ms
17 timing config:load Completed in 21ms
18 timing npm:load:configload Completed in 21ms
19 timing npm:load:setTitle Completed in 3ms
20 timing config:load:flatten Completed in 5ms
21 timing npm:load:display Completed in 9ms
22 verbose logfile C:\projects\lipstick-shop\_logs\2022-02-01T21_01_31_622Z-debug-0.log
23 timing npm:load:logFile Completed in 13ms
24 timing npm:load:timers Completed in 0ms
25 timing npm:load:configScope Completed in 0ms
26 timing npm:load Completed in 47ms
27 timing arborist:ctor Completed in 1ms
28 timing idealTree:init Completed in 10ms
29 timing idealTree:userRequests Completed in 3ms
30 silly idealTree buildDeps
31 silly fetch manifest npm@8.4.0
32 http fetch GET 200 https://registry.npmjs.org/npm 56ms (cache hit)
33 silly placeDep ROOT npm@8.4.0 OK for:  want: 8.4.0
34 timing idealTree:#root Completed in 96ms
35 timing idealTree:node_modules/npm Completed in 0ms
36 timing idealTree:buildDeps Completed in 98ms
37 timing idealTree:fixDepFlags Completed in 1ms
38 timing idealTree Completed in 113ms
39 timing reify:loadTrees Completed in 611ms
40 timing reify:diffTrees Completed in 11ms
41 silly reify mark retired [
41 silly reify   'C:\\Users\\Maymuna Islam Mim\\AppData\\Roaming\\npm\\node_modules\\npm',
41 silly reify   'C:\\Users\\Maymuna Islam Mim\\AppData\\Roaming\\npm\\npm',
41 silly reify   'C:\\Users\\Maymuna Islam Mim\\AppData\\Roaming\\npm\\npm.cmd',
41 silly reify   'C:\\Users\\Maymuna Islam Mim\\AppData\\Roaming\\npm\\npm.ps1',
41 silly reify   'C:\\Users\\Maymuna Islam Mim\\AppData\\Roaming\\npm\\npx',
41 silly reify   'C:\\Users\\Maymuna Islam Mim\\AppData\\Roaming\\npm\\npx.cmd',
41 silly reify   'C:\\Users\\Maymuna Islam Mim\\AppData\\Roaming\\npm\\npx.ps1'
41 silly reify ]
42 silly reify moves {
42 silly reify   'C:\\Users\\Maymuna Islam Mim\\AppData\\Roaming\\npm\\node_modules\\npm': 'C:\\Users\\Maymuna Islam Mim\\AppData\\Roaming\\npm\\node_modules\\.npm-5isnn1II',
42 silly reify   'C:\\Users\\Maymuna Islam Mim\\AppData\\Roaming\\npm\\npm': 'C:\\Users\\Maymuna Islam Mim\\AppData\\Roaming\\npm\\.npm-N8XBxslK',
42 silly reify   'C:\\Users\\Maymuna Islam Mim\\AppData\\Roaming\\npm\\npm.cmd': 'C:\\Users\\Maymuna Islam Mim\\AppData\\Roaming\\npm\\.npm.cmd-objps0nt',
42 silly reify   'C:\\Users\\Maymuna Islam Mim\\AppData\\Roaming\\npm\\npm.ps1': 'C:\\Users\\Maymuna Islam Mim\\AppData\\Roaming\\npm\\.npm.ps1-vgmA0ST3',
42 silly reify   'C:\\Users\\Maymuna Islam Mim\\AppData\\Roaming\\npm\\npx': 'C:\\Users\\Maymuna Islam Mim\\AppData\\Roaming\\npm\\.npx-oJX7rM0X',
42 silly reify   'C:\\Users\\Maymuna Islam Mim\\AppData\\Roaming\\npm\\npx.cmd': 'C:\\Users\\Maymuna Islam Mim\\AppData\\Roaming\\npm\\.npx.cmd-M79hJ8Cs',
42 silly reify   'C:\\Users\\Maymuna Islam Mim\\AppData\\Roaming\\npm\\npx.ps1': 'C:\\Users\\Maymuna Islam Mim\\AppData\\Roaming\\npm\\.npx.ps1-PFQUqDLk'
42 silly reify }
43 timing reify:retireShallow Completed in 30ms
44 timing reify:createSparse Completed in 1ms
45 timing reifyNode:node_modules/npm Completed in 8776ms
46 timing arborist:ctor Completed in 0ms
47 timing reify:diffTrees Completed in 9ms
48 timing reify:loadBundles Completed in 9434ms
49 silly audit bulk request {
49 silly audit   npm: [ '8.4.0' ],
49 silly audit   ansicolors: [ '0.3.2' ],
49 silly audit   ansistyles: [ '0.1.3' ],
49 silly audit   archy: [ '1.0.0' ],
49 silly audit   'cli-columns': [ '4.0.0' ],
49 silly audit   'ansi-regex': [ '5.0.1', '5.0.0' ],
49 silly audit   'is-fullwidth-code-point': [ '3.0.0' ],
49 silly audit   'string-width': [ '4.2.3', '4.2.2' ],
49 silly audit   'strip-ansi': [ '6.0.1', '6.0.0' ],
49 silly audit   'cli-table3': [ '0.6.0' ],
49 silly audit   columnify: [ '1.5.4' ],
49 silly audit   encoding: [ '0.1.13' ],
49 silly audit   'fastest-levenshtein': [ '1.0.12' ],
49 silly audit   'init-package-json': [ '2.0.5' ],
49 silly audit   'is-cidr': [ '4.0.2' ],
49 silly audit   libnpmaccess: [ '5.0.1' ],
49 silly audit   libnpmdiff: [ '3.0.0' ],
49 silly audit   libnpmexec: [ '3.0.3' ],
49 silly audit   libnpmfund: [ '2.0.2' ],
49 silly audit   libnpmhook: [ '7.0.1' ],
49 silly audit   libnpmorg: [ '3.0.1' ],
49 silly audit   libnpmpublish: [ '5.0.1' ],
49 silly audit   libnpmpack: [ '3.0.1' ],
49 silly audit   libnpmsearch: [ '4.0.1' ],
49 silly audit   libnpmteam: [ '3.0.1' ],
49 silly audit   libnpmversion: [ '2.0.2' ],
49 silly audit   'npm-audit-report': [ '2.1.5' ],
49 silly audit   'npm-profile': [ '6.0.0' ],
49 silly audit   'npm-user-validate': [ '1.0.1' ],
49 silly audit   opener: [ '1.5.2' ],
49 silly audit   'qrcode-terminal': [ '0.12.0' ],
49 silly audit   'text-table': [ '0.2.0' ],
49 silly audit   'tiny-relative-date': [ '1.3.0' ],
49 silly audit   '@npmcli/config': [ '2.4.0' ]
49 silly audit }
50 timing reify:unpack Completed in 8ms
51 timing reify:unretire Completed in 18ms
52 timing build:queue Completed in 6ms
53 timing build:link:node_modules/npm/node_modules/opener Completed in 29ms
54 timing build:link:node_modules/npm/node_modules/qrcode-terminal Completed in 27ms
55 timing build:link:node_modules/npm Completed in 34ms
56 timing build:link Completed in 36ms
57 timing build:deps Completed in 42ms
58 timing build Completed in 42ms
59 timing reify:build Completed in 43ms
60 http fetch POST 200 https://registry.npmjs.org/-/npm/v1/security/advisories/bulk 708ms
61 timing auditReport:getReport Completed in 711ms
62 silly audit report {
62 silly audit report   'ansi-regex': [
62 silly audit report     {
62 silly audit report       id: 1004946,
62 silly audit report       url: 'https://github.com/advisories/GHSA-93q8-gq69-wqmw',
62 silly audit report       title: ' Inefficient Regular Expression Complexity in chalk/ansi-regex',
62 silly audit report       severity: 'moderate',
62 silly audit report       vulnerable_versions: '>2.1.1 <5.0.1'
62 silly audit report     }
62 silly audit report   ]
62 silly audit report }
63 timing metavuln:cache:get:security-advisory:ansi-regex:gipfqiXURkkimm8+IyoEer5YC1ntqyorXe7xXSHfbxT4Q2N0cl4sjpCXLBfNQSZpCf2C6BCCpq61JXzBTOWL+g== Completed in 1893ms
64 timing reify:trash Completed in 2641ms
65 http fetch GET 200 https://registry.npmjs.org/ansi-regex 2082ms (cache revalidated)
66 timing metavuln:packument:ansi-regex Completed in 2084ms
67 timing metavuln:load:security-advisory:ansi-regex:1004946 Completed in 1ms
68 timing metavuln:calculate:security-advisory:ansi-regex:1004946 Completed in 2087ms
69 timing metavuln:cache:get:security-advisory:strip-ansi:VNH7BZLDPXeb+XyBHjziFezTzkb3wUEeYZF30Shwpq+9ErFf3ja9WpDN5+1N0ZmzJRrF78Jsd1Rv6URhv1/2cQ== Completed in 4ms
70 http fetch GET 200 https://registry.npmjs.org/strip-ansi 113ms (cache revalidated)
71 timing metavuln:packument:strip-ansi Completed in 115ms
72 timing metavuln:load:security-advisory:strip-ansi:gipfqiXURkkimm8+IyoEer5YC1ntqyorXe7xXSHfbxT4Q2N0cl4sjpCXLBfNQSZpCf2C6BCCpq61JXzBTOWL+g== Completed in 0ms
73 timing metavuln:calculate:security-advisory:strip-ansi:gipfqiXURkkimm8+IyoEer5YC1ntqyorXe7xXSHfbxT4Q2N0cl4sjpCXLBfNQSZpCf2C6BCCpq61JXzBTOWL+g== Completed in 115ms
74 timing auditReport:init Completed in 2204ms
75 timing reify:audit Completed in 2918ms
76 timing reify Completed in 13021ms
77 silly CHANGE node_modules/npm
78 silly REMOVE node_modules/npm/node_modules/@tootallnate/once
79 silly REMOVE node_modules/npm/node_modules/@npmcli/run-script
80 silly REMOVE node_modules/npm/node_modules/@npmcli/promise-spawn
81 silly REMOVE node_modules/npm/node_modules/@npmcli/package-json
82 silly REMOVE node_modules/npm/node_modules/@npmcli/node-gyp
83 silly REMOVE node_modules/npm/node_modules/@npmcli/name-from-folder
84 silly REMOVE node_modules/npm/node_modules/@npmcli/move-file
85 silly REMOVE node_modules/npm/node_modules/@npmcli/metavuln-calculator
86 silly REMOVE node_modules/npm/node_modules/@npmcli/map-workspaces
87 silly REMOVE node_modules/npm/node_modules/@npmcli/installed-package-contents
88 silly REMOVE node_modules/npm/node_modules/@npmcli/git
89 silly REMOVE node_modules/npm/node_modules/@npmcli/fs
90 silly REMOVE node_modules/npm/node_modules/@npmcli/disparity-colors
91 silly REMOVE node_modules/npm/node_modules/@npmcli/ci-detect
92 silly REMOVE node_modules/npm/node_modules/@npmcli/arborist
93 silly REMOVE node_modules/npm/node_modules/@isaacs/string-locale-compare
94 silly REMOVE node_modules/npm/node_modules/@gar/promisify
95 silly REMOVE node_modules/npm/node_modules/yallist
96 silly REMOVE node_modules/npm/node_modules/write-file-atomic
97 silly REMOVE node_modules/npm/node_modules/wrappy
98 silly REMOVE node_modules/npm/node_modules/wide-align
99 silly REMOVE node_modules/npm/node_modules/which
100 silly REMOVE node_modules/npm/node_modules/wcwidth
101 silly REMOVE node_modules/npm/node_modules/walk-up-path
102 silly REMOVE node_modules/npm/node_modules/validate-npm-package-name
103 silly REMOVE node_modules/npm/node_modules/validate-npm-package-license
104 silly REMOVE node_modules/npm/node_modules/util-deprecate
105 silly REMOVE node_modules/npm/node_modules/unique-slug
106 silly REMOVE node_modules/npm/node_modules/unique-filename
107 silly REMOVE node_modules/npm/node_modules/typedarray-to-buffer
108 silly REMOVE node_modules/npm/node_modules/treeverse
109 silly REMOVE node_modules/npm/node_modules/tar
110 silly REMOVE node_modules/npm/node_modules/supports-color
111 silly REMOVE node_modules/npm/node_modules/strip-ansi
112 silly REMOVE node_modules/npm/node_modules/stringify-package
113 silly REMOVE node_modules/npm/node_modules/string_decoder
114 silly REMOVE node_modules/npm/node_modules/string-width
115 silly REMOVE node_modules/npm/node_modules/string-width/node_modules/strip-ansi
116 silly REMOVE node_modules/npm/node_modules/string-width/node_modules/ansi-regex
117 silly REMOVE node_modules/npm/node_modules/ssri
118 silly REMOVE node_modules/npm/node_modules/spdx-license-ids
119 silly REMOVE node_modules/npm/node_modules/spdx-expression-parse
120 silly REMOVE node_modules/npm/node_modules/spdx-exceptions
121 silly REMOVE node_modules/npm/node_modules/spdx-correct
122 silly REMOVE node_modules/npm/node_modules/socks-proxy-agent
123 silly REMOVE node_modules/npm/node_modules/socks
124 silly REMOVE node_modules/npm/node_modules/smart-buffer
125 silly REMOVE node_modules/npm/node_modules/signal-exit
126 silly REMOVE node_modules/npm/node_modules/set-blocking
127 silly REMOVE node_modules/npm/node_modules/semver
128 silly REMOVE node_modules/npm/node_modules/safer-buffer
129 silly REMOVE node_modules/npm/node_modules/safe-buffer
130 silly REMOVE node_modules/npm/node_modules/rimraf
131 silly REMOVE node_modules/npm/node_modules/retry
132 silly REMOVE node_modules/npm/node_modules/readdir-scoped-modules
133 silly REMOVE node_modules/npm/node_modules/readable-stream
134 silly REMOVE node_modules/npm/node_modules/read-package-json-fast
135 silly REMOVE node_modules/npm/node_modules/read-package-json
136 silly REMOVE node_modules/npm/node_modules/read-cmd-shim
137 silly CHANGE node_modules/npm/node_modules/qrcode-terminal
138 silly REMOVE node_modules/npm/node_modules/read
139 silly REMOVE node_modules/npm/node_modules/promzard
140 silly REMOVE node_modules/npm/node_modules/promise-retry
141 silly REMOVE node_modules/npm/node_modules/promise-inflight
142 silly REMOVE node_modules/npm/node_modules/promise-call-limit
143 silly REMOVE node_modules/npm/node_modules/promise-all-reject-late
144 silly REMOVE node_modules/npm/node_modules/proc-log
145 silly REMOVE node_modules/npm/node_modules/path-is-absolute
146 silly REMOVE node_modules/npm/node_modules/parse-conflict-json
147 silly REMOVE node_modules/npm/node_modules/pacote
148 silly REMOVE node_modules/npm/node_modules/p-map
149 silly CHANGE node_modules/npm/node_modules/opener
150 silly REMOVE node_modules/npm/node_modules/once
151 silly REMOVE node_modules/npm/node_modules/object-assign
152 silly REMOVE node_modules/npm/node_modules/npmlog
153 silly REMOVE node_modules/npm/node_modules/npm-registry-fetch
154 silly REMOVE node_modules/npm/node_modules/npm-pick-manifest
155 silly REMOVE node_modules/npm/node_modules/npm-packlist
156 silly REMOVE node_modules/npm/node_modules/npm-package-arg
157 silly REMOVE node_modules/npm/node_modules/npm-normalize-package-bin
158 silly REMOVE node_modules/npm/node_modules/npm-install-checks
159 silly REMOVE node_modules/npm/node_modules/npm-bundled
160 silly REMOVE node_modules/npm/node_modules/normalize-package-data
161 silly REMOVE node_modules/npm/node_modules/nopt
162 silly REMOVE node_modules/npm/node_modules/node-gyp
163 silly REMOVE node_modules/npm/node_modules/node-gyp/node_modules/@tootallnate/once
164 silly REMOVE node_modules/npm/node_modules/node-gyp/node_modules/make-fetch-happen
165 silly REMOVE node_modules/npm/node_modules/node-gyp/node_modules/http-proxy-agent
166 silly REMOVE node_modules/npm/node_modules/mute-stream
167 silly REMOVE node_modules/npm/node_modules/negotiator
168 silly REMOVE node_modules/npm/node_modules/ms
169 silly REMOVE node_modules/npm/node_modules/mkdirp-infer-owner
170 silly REMOVE node_modules/npm/node_modules/mkdirp
171 silly REMOVE node_modules/npm/node_modules/minizlib
172 silly REMOVE node_modules/npm/node_modules/minipass-sized
173 silly REMOVE node_modules/npm/node_modules/minipass-pipeline
174 silly REMOVE node_modules/npm/node_modules/minipass-json-stream
175 silly REMOVE node_modules/npm/node_modules/minipass-flush
176 silly REMOVE node_modules/npm/node_modules/minipass-fetch
177 silly REMOVE node_modules/npm/node_modules/minipass-collect
178 silly REMOVE node_modules/npm/node_modules/minipass
179 silly REMOVE node_modules/npm/node_modules/minimatch
180 silly REMOVE node_modules/npm/node_modules/make-fetch-happen
181 silly REMOVE node_modules/npm/node_modules/lru-cache
182 silly REMOVE node_modules/npm/node_modules/just-diff-apply
183 silly REMOVE node_modules/npm/node_modules/just-diff
184 silly REMOVE node_modules/npm/node_modules/jsonparse
185 silly REMOVE node_modules/npm/node_modules/json-stringify-nice
186 silly REMOVE node_modules/npm/node_modules/json-parse-even-better-errors
187 silly REMOVE node_modules/npm/node_modules/isexe
188 silly REMOVE node_modules/npm/node_modules/is-typedarray
189 silly REMOVE node_modules/npm/node_modules/is-lambda
190 silly REMOVE node_modules/npm/node_modules/is-fullwidth-code-point
191 silly REMOVE node_modules/npm/node_modules/is-core-module
192 silly REMOVE node_modules/npm/node_modules/ip-regex
193 silly REMOVE node_modules/npm/node_modules/ip
194 silly REMOVE node_modules/npm/node_modules/ini
195 silly REMOVE node_modules/npm/node_modules/inherits
196 silly REMOVE node_modules/npm/node_modules/inflight
197 silly REMOVE node_modules/npm/node_modules/infer-owner
198 silly REMOVE node_modules/npm/node_modules/indent-string
199 silly REMOVE node_modules/npm/node_modules/imurmurhash
200 silly REMOVE node_modules/npm/node_modules/ignore-walk
201 silly REMOVE node_modules/npm/node_modules/iconv-lite
202 silly REMOVE node_modules/npm/node_modules/humanize-ms
203 silly REMOVE node_modules/npm/node_modules/https-proxy-agent
204 silly REMOVE node_modules/npm/node_modules/http-proxy-agent
205 silly REMOVE node_modules/npm/node_modules/http-cache-semantics
206 silly REMOVE node_modules/npm/node_modules/hosted-git-info
207 silly REMOVE node_modules/npm/node_modules/has-unicode
208 silly REMOVE node_modules/npm/node_modules/has-flag
209 silly REMOVE node_modules/npm/node_modules/has
210 silly REMOVE node_modules/npm/node_modules/graceful-fs
211 silly REMOVE node_modules/npm/node_modules/glob
212 silly REMOVE node_modules/npm/node_modules/gauge
213 silly REMOVE node_modules/npm/node_modules/gauge/node_modules/strip-ansi
214 silly REMOVE node_modules/npm/node_modules/gauge/node_modules/string-width
215 silly REMOVE node_modules/npm/node_modules/gauge/node_modules/is-fullwidth-code-point
216 silly REMOVE node_modules/npm/node_modules/gauge/node_modules/ansi-regex
217 silly REMOVE node_modules/npm/node_modules/function-bind
218 silly REMOVE node_modules/npm/node_modules/fs.realpath
219 silly REMOVE node_modules/npm/node_modules/fs-minipass
220 silly REMOVE node_modules/npm/node_modules/err-code
221 silly REMOVE node_modules/npm/node_modules/env-paths
222 silly REMOVE node_modules/npm/node_modules/emoji-regex
223 silly REMOVE node_modules/npm/node_modules/diff
224 silly REMOVE node_modules/npm/node_modules/dezalgo
225 silly REMOVE node_modules/npm/node_modules/depd
226 silly REMOVE node_modules/npm/node_modules/delegates
227 silly REMOVE node_modules/npm/node_modules/defaults
228 silly REMOVE node_modules/npm/node_modules/debuglog
229 silly REMOVE node_modules/npm/node_modules/debug
230 silly REMOVE node_modules/npm/node_modules/debug/node_modules/ms
231 silly REMOVE node_modules/npm/node_modules/console-control-strings
232 silly REMOVE node_modules/npm/node_modules/concat-map
233 silly REMOVE node_modules/npm/node_modules/common-ancestor-path
234 silly REMOVE node_modules/npm/node_modules/colors
235 silly REMOVE node_modules/npm/node_modules/color-support
236 silly REMOVE node_modules/npm/node_modules/color-name
237 silly REMOVE node_modules/npm/node_modules/color-convert
238 silly REMOVE node_modules/npm/node_modules/clone
239 silly REMOVE node_modules/npm/node_modules/cmd-shim
240 silly REMOVE node_modules/npm/node_modules/clean-stack
241 silly REMOVE node_modules/npm/node_modules/cidr-regex
242 silly REMOVE node_modules/npm/node_modules/chownr
243 silly REMOVE node_modules/npm/node_modules/chalk
244 silly REMOVE node_modules/npm/node_modules/cacache
245 silly REMOVE node_modules/npm/node_modules/builtins
246 silly REMOVE node_modules/npm/node_modules/brace-expansion
247 silly REMOVE node_modules/npm/node_modules/binary-extensions
248 silly REMOVE node_modules/npm/node_modules/bin-links
249 silly REMOVE node_modules/npm/node_modules/balanced-match
250 silly REMOVE node_modules/npm/node_modules/asap
251 silly REMOVE node_modules/npm/node_modules/are-we-there-yet
252 silly REMOVE node_modules/npm/node_modules/aproba
253 silly REMOVE node_modules/npm/node_modules/ansi-regex
254 silly REMOVE node_modules/npm/node_modules/ansi-styles
255 silly REMOVE node_modules/npm/node_modules/aggregate-error
256 silly REMOVE node_modules/npm/node_modules/agentkeepalive
257 silly REMOVE node_modules/npm/node_modules/agent-base
258 silly REMOVE node_modules/npm/node_modules/abbrev
259 timing command:install Completed in 13464ms
260 verbose exit 0
261 timing npm Completed in 14128ms
262 info ok
