0 verbose cli [
0 verbose cli   'C:\\Program Files\\nodejs\\node.exe',
0 verbose cli   'C:\\Users\\Maymuna Islam Mim\\AppData\\Roaming\\npm\\node_modules\\npm\\bin\\npm-cli.js',
0 verbose cli   'init',
0 verbose cli   '-y'
0 verbose cli ]
1 info using npm@8.3.0
2 info using node@v14.17.6
3 timing npm:load:whichnode Completed in 0ms
4 timing config:load:defaults Completed in 2ms
5 timing config:load:file:C:\Users\Maymuna Islam Mim\AppData\Roaming\npm\node_modules\npm\npmrc Completed in 3ms
6 timing config:load:builtin Completed in 4ms
7 timing config:load:cli Completed in 3ms
8 timing config:load:env Completed in 1ms
9 timing config:load:file:C:\projects\lipstick-collection\.npmrc Completed in 0ms
10 timing config:load:project Completed in 2ms
11 timing config:load:file:C:\Users\Maymuna Islam Mim\.npmrc Completed in 0ms
12 timing config:load:user Completed in 0ms
13 timing config:load:file:C:\Users\Maymuna Islam Mim\AppData\Roaming\npm\etc\npmrc Completed in 0ms
14 timing config:load:global Completed in 1ms
15 timing config:load:validate Completed in 1ms
16 timing config:load:credentials Completed in 1ms
17 timing config:load:setEnvs Completed in 2ms
18 timing config:load Completed in 17ms
19 timing npm:load:configload Completed in 17ms
20 timing npm:load:setTitle Completed in 0ms
21 timing config:load:flatten Completed in 5ms
22 timing npm:load:display Completed in 8ms
23 verbose logfile C:\projects\lipstick-collection\_logs\2022-01-31T14_14_27_148Z-debug-0.log
24 timing npm:load:logFile Completed in 12ms
25 timing npm:load:timers Completed in 0ms
26 timing npm:load:configScope Completed in 0ms
27 timing npm:load Completed in 39ms
28 silly logfile start cleaning logs, removing 1 files
29 silly package data {
29 silly package data   name: 'lipstick-collection',
29 silly package data   version: '0.1.0',
29 silly package data   private: true,
29 silly package data   dependencies: {
29 silly package data     '@emotion/react': '^11.7.1',
29 silly package data     '@emotion/styled': '^11.6.0',
29 silly package data     '@mui/icons-material': '^5.3.1',
29 silly package data     '@mui/material': '^5.3.1',
29 silly package data     '@testing-library/jest-dom': '^5.16.1',
29 silly package data     '@testing-library/react': '^12.1.2',
29 silly package data     '@testing-library/user-event': '^13.5.0',
29 silly package data     bootstrap: '^5.1.3',
29 silly package data     firebase: '^9.6.5',
29 silly package data     react: '^17.0.2',
29 silly package data     'react-bootstrap': '^2.1.1',
29 silly package data     'react-dom': '^17.0.2',
29 silly package data     'react-rating': '^2.0.5',
29 silly package data     'react-reveal': '^1.2.2',
29 silly package data     'react-router-dom': '^6.2.1',
29 silly package data     'react-scripts': '5.0.0',
29 silly package data     'web-vitals': '^2.1.4'
29 silly package data   },
29 silly package data   scripts: {
29 silly package data     start: 'react-scripts start',
29 silly package data     build: 'react-scripts build',
29 silly package data     test: 'react-scripts test',
29 silly package data     eject: 'react-scripts eject'
29 silly package data   },
29 silly package data   eslintConfig: { extends: [ 'react-app', 'react-app/jest' ] },
29 silly package data   browserslist: {
29 silly package data     production: [ '>0.2%', 'not dead', 'not op_mini all' ],
29 silly package data     development: [
29 silly package data       'last 1 chrome version',
29 silly package data       'last 1 firefox version',
29 silly package data       'last 1 safari version'
29 silly package data     ]
29 silly package data   },
29 silly package data   description: 'This project was About a Online lipstick sell store platform [visit site](https://github.com/facebook/create-react-app). Since 2015, we’ve sell more than 100,000 products in this year.We always provide a best brand products and also Qualityfull Products.',
29 silly package data   main: 'index.js',
29 silly package data   devDependencies: {},
29 silly package data   repository: {
29 silly package data     type: 'git',
29 silly package data     url: 'git+https://github.com/foyjunnesa/Lipstick-Collection-Client-Site.git'
29 silly package data   },
29 silly package data   keywords: [],
29 silly package data   author: '',
29 silly package data   license: 'ISC',
29 silly package data   bugs: {
29 silly package data     url: 'https://github.com/foyjunnesa/Lipstick-Collection-Client-Site/issues'
29 silly package data   },
29 silly package data   homepage: 'https://github.com/foyjunnesa/Lipstick-Collection-Client-Site#readme',
29 silly package data   [Symbol(newline)]: '\n',
29 silly package data   [Symbol(indent)]: '  '
29 silly package data }
30 info init written successfully
31 timing command:init Completed in 118ms
32 verbose exit 0
33 timing npm Completed in 1531ms
34 info ok
