0 verbose cli [
0 verbose cli   'C:\\Program Files\\nodejs\\node.exe',
0 verbose cli   'C:\\Users\\Maymuna Islam Mim\\AppData\\Roaming\\npm\\node_modules\\npm\\bin\\npm-cli.js',
0 verbose cli   'i',
0 verbose cli   'react-reveal'
0 verbose cli ]
1 info using npm@8.4.0
2 info using node@v16.13.2
3 timing npm:load:whichnode Completed in 1ms
4 timing config:load:defaults Completed in 3ms
5 timing config:load:file:C:\Users\Maymuna Islam Mim\AppData\Roaming\npm\node_modules\npm\npmrc Completed in 5ms
6 timing config:load:builtin Completed in 5ms
7 timing config:load:cli Completed in 2ms
8 timing config:load:env Completed in 1ms
9 timing config:load:file:C:\projects\lipstick-shop\.npmrc Completed in 0ms
10 timing config:load:project Completed in 2ms
11 timing config:load:file:C:\Users\Maymuna Islam Mim\.npmrc Completed in 0ms
12 timing config:load:user Completed in 1ms
13 timing config:load:file:C:\Users\Maymuna Islam Mim\AppData\Roaming\npm\etc\npmrc Completed in 0ms
14 timing config:load:global Completed in 0ms
15 timing config:load:validate Completed in 1ms
16 timing config:load:credentials Completed in 2ms
17 timing config:load:setEnvs Completed in 1ms
18 timing config:load Completed in 18ms
19 timing npm:load:configload Completed in 18ms
20 timing npm:load:setTitle Completed in 1ms
21 timing config:load:flatten Completed in 4ms
22 timing npm:load:display Completed in 7ms
23 verbose logfile C:\projects\lipstick-shop\_logs\2022-02-02T16_06_21_815Z-debug-0.log
24 timing npm:load:logFile Completed in 11ms
25 timing npm:load:timers Completed in 0ms
26 timing npm:load:configScope Completed in 0ms
27 timing npm:load Completed in 39ms
28 timing arborist:ctor Completed in 2ms
29 silly logfile start cleaning logs, removing 1 files
30 timing idealTree:init Completed in 2318ms
31 timing idealTree:userRequests Completed in 5ms
32 silly idealTree buildDeps
33 silly fetch manifest bootstrap@5.1.3
34 http fetch GET 200 https://registry.npmjs.org/bootstrap 6508ms (cache revalidated)
35 silly fetch manifest @popperjs/core@^2.10.2
36 http fetch GET 200 https://registry.npmjs.org/@popperjs%2fcore 123ms (cache revalidated)
37 silly fetch manifest react-bootstrap@^2.1.2
38 http fetch GET 200 https://registry.npmjs.org/react-bootstrap 303ms (cache revalidated)
39 silly fetch manifest react@^17.0.2
40 http fetch GET 200 https://registry.npmjs.org/react 96ms (cache revalidated)
41 silly fetch manifest react-dom@^17.0.2
42 http fetch GET 200 https://registry.npmjs.org/react-dom 184ms (cache revalidated)
43 silly fetch manifest react-reveal@*
44 http fetch GET 200 https://registry.npmjs.org/react-reveal 1207ms (cache miss)
45 silly fetch manifest react@^15.3.0 || ^16.0.0
46 timing idealTree Completed in 10818ms
47 timing command:i Completed in 10850ms
48 verbose stack Error: unable to resolve dependency tree
48 verbose stack     at Arborist.[failPeerConflict] (C:\Users\Maymuna Islam Mim\AppData\Roaming\npm\node_modules\npm\node_modules\@npmcli\arborist\lib\arborist\build-ideal-tree.js:1383:25)
48 verbose stack     at Arborist.[loadPeerSet] (C:\Users\Maymuna Islam Mim\AppData\Roaming\npm\node_modules\npm\node_modules\@npmcli\arborist\lib\arborist\build-ideal-tree.js:1349:34)
48 verbose stack     at async Arborist.[buildDepStep] (C:\Users\Maymuna Islam Mim\AppData\Roaming\npm\node_modules\npm\node_modules\@npmcli\arborist\lib\arborist\build-ideal-tree.js:951:11)
48 verbose stack     at async Arborist.buildIdealTree (C:\Users\Maymuna Islam Mim\AppData\Roaming\npm\node_modules\npm\node_modules\@npmcli\arborist\lib\arborist\build-ideal-tree.js:215:7)
48 verbose stack     at async Promise.all (index 1)
48 verbose stack     at async Arborist.reify (C:\Users\Maymuna Islam Mim\AppData\Roaming\npm\node_modules\npm\node_modules\@npmcli\arborist\lib\arborist\reify.js:152:5)
48 verbose stack     at async Install.exec (C:\Users\Maymuna Islam Mim\AppData\Roaming\npm\node_modules\npm\lib\commands\install.js:157:5)
48 verbose stack     at async module.exports (C:\Users\Maymuna Islam Mim\AppData\Roaming\npm\node_modules\npm\lib\cli.js:66:5)
49 verbose cwd C:\projects\lipstick-shop
50 verbose Windows_NT 6.3.9600
51 verbose argv "C:\\Program Files\\nodejs\\node.exe" "C:\\Users\\Maymuna Islam Mim\\AppData\\Roaming\\npm\\node_modules\\npm\\bin\\npm-cli.js" "i" "react-reveal"
52 verbose node v16.13.2
53 verbose npm  v8.4.0
54 error code ERESOLVE
55 error ERESOLVE unable to resolve dependency tree
56 error
57 error While resolving: [1mlipstick[22m@[1m0.1.0[22m
57 error Found: [1mreact[22m@[1m17.0.2[22m[2m[22m
57 error [2mnode_modules/react[22m
57 error   [1mreact[22m@"[1m^17.0.2[22m" from the root project
57 error
57 error Could not resolve dependency:
57 error [35mpeer[39m [1mreact[22m@"[1m^15.3.0 || ^16.0.0[22m" from [1mreact-reveal[22m@[1m1.2.2[22m[2m[22m
57 error [2mnode_modules/react-reveal[22m
57 error   [1mreact-reveal[22m@"[1m*[22m" from the root project
57 error
57 error Fix the upstream dependency conflict, or retry
57 error this command with --force, or --legacy-peer-deps
57 error to accept an incorrect (and potentially broken) dependency resolution.
57 error
57 error See C:\projects\lipstick-shop\eresolve-report.txt for a full report.
58 verbose exit 1
59 timing npm Completed in 11387ms
60 verbose unfinished npm timer reify 1643817982328
61 verbose unfinished npm timer reify:loadTrees 1643817982354
62 verbose unfinished npm timer idealTree:buildDeps 1643817984682
63 verbose unfinished npm timer idealTree:#root 1643817984683
64 verbose code 1
65 error A complete log of this run can be found in:
65 error     C:\projects\lipstick-shop\_logs\2022-02-02T16_06_21_815Z-debug-0.log
