0 verbose cli [
0 verbose cli   'C:\\Program Files\\nodejs\\node.exe',
0 verbose cli   'C:\\Users\\Maymuna Islam Mim\\AppData\\Roaming\\npm\\node_modules\\npm\\bin\\npm-cli.js',
0 verbose cli   'run',
0 verbose cli   'build'
0 verbose cli ]
1 info using npm@8.4.0
2 info using node@v16.13.2
3 timing npm:load:whichnode Completed in 0ms
4 timing config:load:defaults Completed in 1ms
5 timing config:load:file:C:\Users\Maymuna Islam Mim\AppData\Roaming\npm\node_modules\npm\npmrc Completed in 5ms
6 timing config:load:builtin Completed in 6ms
7 timing config:load:cli Completed in 2ms
8 timing config:load:env Completed in 1ms
9 timing config:load:file:C:\projects\lipstick-shop\.npmrc Completed in 0ms
10 timing config:load:project Completed in 2ms
11 timing config:load:file:C:\Users\Maymuna Islam Mim\.npmrc Completed in 0ms
12 timing config:load:user Completed in 1ms
13 timing config:load:file:C:\Users\Maymuna Islam Mim\AppData\Roaming\npm\etc\npmrc Completed in 0ms
14 timing config:load:global Completed in 0ms
15 timing config:load:validate Completed in 1ms
16 timing config:load:credentials Completed in 2ms
17 timing config:load:setEnvs Completed in 1ms
18 timing config:load Completed in 17ms
19 timing npm:load:configload Completed in 17ms
20 timing npm:load:setTitle Completed in 1ms
21 timing config:load:flatten Completed in 5ms
22 timing npm:load:display Completed in 7ms
23 verbose logfile C:\projects\lipstick-shop\_logs\2022-02-02T21_26_01_510Z-debug-0.log
24 timing npm:load:logFile Completed in 20ms
25 timing npm:load:timers Completed in 0ms
26 timing npm:load:configScope Completed in 0ms
27 timing npm:load Completed in 46ms
28 silly logfile start cleaning logs, removing 1 files
29 timing command:run Completed in 103566ms
30 verbose exit 0
31 timing npm Completed in 104204ms
32 info ok
