0 verbose cli [
0 verbose cli   'C:\\Program Files\\nodejs\\node.exe',
0 verbose cli   'C:\\Users\\Maymuna Islam Mim\\AppData\\Roaming\\npm\\node_modules\\npm\\bin\\npm-cli.js',
0 verbose cli   'ls',
0 verbose cli   '--depth',
0 verbose cli   '0',
0 verbose cli   '--json'
0 verbose cli ]
1 info using npm@8.3.0
2 info using node@v14.17.6
3 timing npm:load:whichnode Completed in 1ms
4 timing config:load:defaults Completed in 4ms
5 timing config:load:file:C:\Users\Maymuna Islam Mim\AppData\Roaming\npm\node_modules\npm\npmrc Completed in 8ms
6 timing config:load:builtin Completed in 8ms
7 timing config:load:cli Completed in 4ms
8 timing config:load:env Completed in 1ms
9 timing config:load:file:c:\projects\lipstick-collection\.npmrc Completed in 2ms
10 timing config:load:project Completed in 3ms
11 timing config:load:file:C:\Users\Maymuna Islam Mim\.npmrc Completed in 2ms
12 timing config:load:user Completed in 2ms
13 timing config:load:file:C:\Users\Maymuna Islam Mim\AppData\Roaming\npm\etc\npmrc Completed in 0ms
14 timing config:load:global Completed in 0ms
15 timing config:load:validate Completed in 1ms
16 timing config:load:credentials Completed in 1ms
17 timing config:load:setEnvs Completed in 2ms
18 timing config:load Completed in 28ms
19 timing npm:load:configload Completed in 28ms
20 timing npm:load:setTitle Completed in 1ms
21 timing config:load:flatten Completed in 8ms
22 timing npm:load:display Completed in 10ms
23 verbose logfile c:\projects\lipstick-collection\_logs\2022-01-30T20_06_59_092Z-debug-0.log
24 timing npm:load:logFile Completed in 14ms
25 timing npm:load:timers Completed in 0ms
26 timing npm:load:configScope Completed in 0ms
27 timing npm:load Completed in 56ms
28 timing arborist:ctor Completed in 2ms
29 silly logfile start cleaning logs, removing 1 files
30 timing arborist:ctor Completed in 0ms
31 timing command:ls Completed in 6926ms
32 verbose exit 0
33 timing npm Completed in 8290ms
34 info ok
