0 verbose cli [
0 verbose cli   'C:\\Program Files\\nodejs\\node.exe',
0 verbose cli   'C:\\Users\\Maymuna Islam Mim\\AppData\\Roaming\\npm\\node_modules\\npm\\bin\\npm-cli.js',
0 verbose cli   'install',
0 verbose cli   'firebase'
0 verbose cli ]
1 info using npm@8.3.0
2 info using node@v14.17.6
3 timing npm:load:whichnode Completed in 0ms
4 timing config:load:defaults Completed in 2ms
5 timing config:load:file:C:\Users\Maymuna Islam Mim\AppData\Roaming\npm\node_modules\npm\npmrc Completed in 16ms
6 timing config:load:builtin Completed in 16ms
7 timing config:load:cli Completed in 3ms
8 timing config:load:env Completed in 15ms
9 timing config:load:file:C:\projects\lipstick-collection\.npmrc Completed in 0ms
10 timing config:load:project Completed in 1ms
11 timing config:load:file:C:\Users\Maymuna Islam Mim\.npmrc Completed in 1ms
12 timing config:load:user Completed in 1ms
13 timing config:load:file:C:\Users\Maymuna Islam Mim\AppData\Roaming\npm\etc\npmrc Completed in 1ms
14 timing config:load:global Completed in 1ms
15 timing config:load:validate Completed in 1ms
16 timing config:load:credentials Completed in 11ms
17 timing config:load:setEnvs Completed in 2ms
18 timing config:load Completed in 54ms
19 timing npm:load:configload Completed in 54ms
20 timing npm:load:setTitle Completed in 1ms
21 timing config:load:flatten Completed in 19ms
22 timing npm:load:display Completed in 21ms
23 verbose logfile C:\projects\lipstick-collection\_logs\2022-01-30T17_18_06_215Z-debug-0.log
24 timing npm:load:logFile Completed in 12ms
25 timing npm:load:timers Completed in 0ms
26 timing npm:load:configScope Completed in 0ms
27 timing npm:load Completed in 89ms
28 timing arborist:ctor Completed in 1ms
29 silly logfile start cleaning logs, removing 1 files
30 timing idealTree:init Completed in 2248ms
31 timing idealTree:userRequests Completed in 5ms
32 silly idealTree buildDeps
33 silly fetch manifest firebase@*
34 timing arborist:ctor Completed in 0ms
35 http fetch GET 200 https://registry.npmjs.org/firebase 8701ms (cache revalidated)
36 silly placeDep ROOT firebase@9.6.5 OK for: lipstick-collection@0.1.0 want: *
37 silly fetch manifest @firebase/app@0.7.15
38 silly fetch manifest @firebase/app-compat@0.1.16
39 silly fetch manifest @firebase/app-types@0.7.0
40 silly fetch manifest @firebase/auth@0.19.7
41 silly fetch manifest @firebase/auth-compat@0.2.7
42 silly fetch manifest @firebase/database@0.12.5
43 silly fetch manifest @firebase/database-compat@0.1.5
44 silly fetch manifest @firebase/firestore@3.4.4
45 silly fetch manifest @firebase/firestore-compat@0.1.13
46 silly fetch manifest @firebase/functions@0.7.8
47 silly fetch manifest @firebase/functions-compat@0.1.9
48 silly fetch manifest @firebase/installations@0.5.5
49 silly fetch manifest @firebase/messaging@0.9.7
50 silly fetch manifest @firebase/messaging-compat@0.1.7
51 silly fetch manifest @firebase/polyfill@0.3.36
52 silly fetch manifest @firebase/storage@0.9.2
53 silly fetch manifest @firebase/storage-compat@0.1.10
54 silly fetch manifest @firebase/performance@0.5.5
55 silly fetch manifest @firebase/performance-compat@0.1.5
56 silly fetch manifest @firebase/remote-config@0.3.4
57 silly fetch manifest @firebase/remote-config-compat@0.1.5
58 silly fetch manifest @firebase/analytics@0.7.5
59 silly fetch manifest @firebase/analytics-compat@0.1.6
60 silly fetch manifest @firebase/app-check@0.5.3
61 silly fetch manifest @firebase/app-check-compat@0.2.3
62 silly fetch manifest @firebase/util@1.4.3
63 http fetch GET 200 https://registry.npmjs.org/@firebase%2ffunctions-compat 2359ms (cache revalidated)
64 http fetch GET 200 https://registry.npmjs.org/@firebase%2fmessaging-compat 2375ms (cache revalidated)
65 http fetch GET 200 https://registry.npmjs.org/@firebase%2finstallations 2441ms (cache revalidated)
66 http fetch GET 200 https://registry.npmjs.org/@firebase%2fapp-compat 2701ms (cache revalidated)
67 http fetch GET 200 https://registry.npmjs.org/@firebase%2fapp-types 2797ms (cache revalidated)
68 http fetch GET 200 https://registry.npmjs.org/@firebase%2fapp 3006ms (cache revalidated)
69 http fetch GET 200 https://registry.npmjs.org/@firebase%2fpolyfill 3112ms (cache revalidated)
70 http fetch GET 200 https://registry.npmjs.org/@firebase%2fdatabase-compat 3436ms (cache revalidated)
71 http fetch GET 200 https://registry.npmjs.org/@firebase%2fstorage-compat 3525ms (cache revalidated)
72 http fetch GET 200 https://registry.npmjs.org/@firebase%2fauth-compat 3562ms (cache revalidated)
73 http fetch GET 200 https://registry.npmjs.org/@firebase%2fperformance-compat 3567ms (cache revalidated)
74 http fetch GET 200 https://registry.npmjs.org/@firebase%2ffirestore-compat 4445ms (cache revalidated)
75 http fetch GET 200 https://registry.npmjs.org/@firebase%2fremote-config-compat 4472ms (cache revalidated)
76 http fetch GET 200 https://registry.npmjs.org/@firebase%2fmessaging 4809ms (cache revalidated)
77 http fetch GET 200 https://registry.npmjs.org/@firebase%2fanalytics-compat 5374ms (cache revalidated)
78 http fetch GET 200 https://registry.npmjs.org/@firebase%2fapp-check-compat 5381ms (cache revalidated)
79 http fetch GET 200 https://registry.npmjs.org/@firebase%2fapp-check 6270ms (cache revalidated)
80 http fetch GET 200 https://registry.npmjs.org/@firebase%2fanalytics 242426ms (cache miss)
81 http fetch GET 200 https://registry.npmjs.org/@firebase%2fremote-config 260000ms (cache miss)
82 http fetch GET 200 https://registry.npmjs.org/@firebase%2fstorage 310028ms (cache miss)
83 http fetch GET 200 https://registry.npmjs.org/@firebase%2ffunctions 318656ms (cache miss)
84 http fetch GET 200 https://registry.npmjs.org/@firebase%2fperformance 319755ms (cache miss)
85 http fetch GET 200 https://registry.npmjs.org/@firebase%2futil 327784ms (cache miss)
86 http fetch GET 200 https://registry.npmjs.org/@firebase%2fdatabase 330160ms (cache miss)
87 verbose stack Error: Socket timeout
87 verbose stack     at TLSSocket.onTimeout (C:\Users\Maymuna Islam Mim\AppData\Roaming\npm\node_modules\npm\node_modules\agentkeepalive\lib\agent.js:345:23)
87 verbose stack     at TLSSocket.emit (events.js:412:35)
87 verbose stack     at TLSSocket.Socket._onTimeout (net.js:484:8)
87 verbose stack     at listOnTimeout (internal/timers.js:557:17)
87 verbose stack     at processTimers (internal/timers.js:500:7)
88 verbose cwd C:\projects\lipstick-collection
89 verbose Windows_NT 6.3.9600
90 verbose argv "C:\\Program Files\\nodejs\\node.exe" "C:\\Users\\Maymuna Islam Mim\\AppData\\Roaming\\npm\\node_modules\\npm\\bin\\npm-cli.js" "install" "firebase"
91 verbose node v14.17.6
92 verbose npm  v8.3.0
93 error code ERR_SOCKET_TIMEOUT
94 error network Socket timeout
95 error network This is a problem related to network connectivity.
95 error network In most cases you are behind a proxy or have bad network settings.
95 error network
95 error network If you are behind a proxy, please make sure that the
95 error network 'proxy' config is set properly.  See: 'npm help config'
96 verbose exit 1
97 timing npm Completed in 655460ms
98 verbose unfinished npm timer command:install 1643563089745
99 verbose unfinished npm timer reify 1643563089749
100 verbose unfinished npm timer reify:loadTrees 1643563089865
101 verbose unfinished npm timer idealTree 1643563089866
102 verbose unfinished npm timer idealTree:buildDeps 1643563092122
103 verbose unfinished npm timer idealTree:#root 1643563092123
104 verbose code 1
105 error A complete log of this run can be found in:
105 error     C:\projects\lipstick-collection\_logs\2022-01-30T17_18_06_215Z-debug-0.log
