0 verbose cli [
0 verbose cli   'C:\\Program Files\\nodejs\\node.exe',
0 verbose cli   'C:\\Users\\Maymuna Islam Mim\\AppData\\Roaming\\npm\\node_modules\\npm\\bin\\npm-cli.js',
0 verbose cli   'i',
0 verbose cli   '-g',
0 verbose cli   'npm@latest'
0 verbose cli ]
1 info using npm@8.3.0
2 info using node@v14.17.6
3 timing npm:load:whichnode Completed in 1ms
4 timing config:load:defaults Completed in 3ms
5 timing config:load:file:C:\Users\Maymuna Islam Mim\AppData\Roaming\npm\node_modules\npm\npmrc Completed in 3ms
6 timing config:load:builtin Completed in 3ms
7 timing config:load:cli Completed in 3ms
8 timing config:load:env Completed in 0ms
9 timing config:load:project Completed in 2ms
10 timing config:load:file:C:\Users\Maymuna Islam Mim\.npmrc Completed in 1ms
11 timing config:load:user Completed in 1ms
12 timing config:load:file:C:\Users\Maymuna Islam Mim\AppData\Roaming\npm\etc\npmrc Completed in 1ms
13 timing config:load:global Completed in 1ms
14 timing config:load:validate Completed in 1ms
15 timing config:load:credentials Completed in 1ms
16 timing config:load:setEnvs Completed in 2ms
17 timing config:load Completed in 17ms
18 timing npm:load:configload Completed in 17ms
19 timing npm:load:setTitle Completed in 0ms
20 timing config:load:flatten Completed in 5ms
21 timing npm:load:display Completed in 7ms
22 verbose logfile C:\projects\lipstick-shop\_logs\2022-02-01T20_55_34_178Z-debug-0.log
23 timing npm:load:logFile Completed in 13ms
24 timing npm:load:timers Completed in 0ms
25 timing npm:load:configScope Completed in 0ms
26 timing npm:load Completed in 40ms
27 timing arborist:ctor Completed in 2ms
28 timing idealTree:init Completed in 7ms
29 http fetch GET 200 https://registry.npmjs.org/npm 41ms (cache hit)
30 timing idealTree:userRequests Completed in 72ms
31 silly idealTree buildDeps
32 silly fetch manifest npm@8.4.0
33 silly placeDep ROOT npm@8.4.0 OK for:  want: 8.4.0
34 timing idealTree:#root Completed in 14ms
35 timing idealTree:node_modules/npm Completed in 1ms
36 timing idealTree:buildDeps Completed in 16ms
37 timing idealTree:fixDepFlags Completed in 1ms
38 timing idealTree Completed in 98ms
39 timing reify:loadTrees Completed in 1229ms
40 timing reify:diffTrees Completed in 9ms
41 silly reify mark retired [
41 silly reify   'C:\\Users\\Maymuna Islam Mim\\AppData\\Roaming\\npm\\node_modules\\npm',
41 silly reify   'C:\\Users\\Maymuna Islam Mim\\AppData\\Roaming\\npm\\npm',
41 silly reify   'C:\\Users\\Maymuna Islam Mim\\AppData\\Roaming\\npm\\npm.cmd',
41 silly reify   'C:\\Users\\Maymuna Islam Mim\\AppData\\Roaming\\npm\\npm.ps1',
41 silly reify   'C:\\Users\\Maymuna Islam Mim\\AppData\\Roaming\\npm\\npx',
41 silly reify   'C:\\Users\\Maymuna Islam Mim\\AppData\\Roaming\\npm\\npx.cmd',
41 silly reify   'C:\\Users\\Maymuna Islam Mim\\AppData\\Roaming\\npm\\npx.ps1'
41 silly reify ]
42 silly reify moves {
42 silly reify   'C:\\Users\\Maymuna Islam Mim\\AppData\\Roaming\\npm\\node_modules\\npm': 'C:\\Users\\Maymuna Islam Mim\\AppData\\Roaming\\npm\\node_modules\\.npm-5isnn1II',
42 silly reify   'C:\\Users\\Maymuna Islam Mim\\AppData\\Roaming\\npm\\npm': 'C:\\Users\\Maymuna Islam Mim\\AppData\\Roaming\\npm\\.npm-N8XBxslK',
42 silly reify   'C:\\Users\\Maymuna Islam Mim\\AppData\\Roaming\\npm\\npm.cmd': 'C:\\Users\\Maymuna Islam Mim\\AppData\\Roaming\\npm\\.npm.cmd-objps0nt',
42 silly reify   'C:\\Users\\Maymuna Islam Mim\\AppData\\Roaming\\npm\\npm.ps1': 'C:\\Users\\Maymuna Islam Mim\\AppData\\Roaming\\npm\\.npm.ps1-vgmA0ST3',
42 silly reify   'C:\\Users\\Maymuna Islam Mim\\AppData\\Roaming\\npm\\npx': 'C:\\Users\\Maymuna Islam Mim\\AppData\\Roaming\\npm\\.npx-oJX7rM0X',
42 silly reify   'C:\\Users\\Maymuna Islam Mim\\AppData\\Roaming\\npm\\npx.cmd': 'C:\\Users\\Maymuna Islam Mim\\AppData\\Roaming\\npm\\.npx.cmd-M79hJ8Cs',
42 silly reify   'C:\\Users\\Maymuna Islam Mim\\AppData\\Roaming\\npm\\npx.ps1': 'C:\\Users\\Maymuna Islam Mim\\AppData\\Roaming\\npm\\.npx.ps1-PFQUqDLk'
42 silly reify }
43 timing reify:retireShallow Completed in 26ms
44 timing reify:createSparse Completed in 0ms
45 silly tarball no local data for npm@https://registry.npmjs.org/npm/-/npm-8.4.0.tgz. Extracting by manifest.
46 http fetch GET 200 https://registry.npmjs.org/npm/-/npm-8.4.0.tgz 16331ms (cache miss)
47 timing reifyNode:node_modules/npm Completed in 16388ms
48 timing arborist:ctor Completed in 1ms
49 timing reify:diffTrees Completed in 8ms
50 timing reify:loadBundles Completed in 16969ms
51 silly audit bulk request {
51 silly audit   npm: [ '8.4.0' ],
51 silly audit   ansicolors: [ '0.3.2' ],
51 silly audit   ansistyles: [ '0.1.3' ],
51 silly audit   archy: [ '1.0.0' ],
51 silly audit   'cli-columns': [ '4.0.0' ],
51 silly audit   'is-fullwidth-code-point': [ '3.0.0' ],
51 silly audit   'ansi-regex': [ '5.0.1', '5.0.0' ],
51 silly audit   'string-width': [ '4.2.3', '4.2.2' ],
51 silly audit   'strip-ansi': [ '6.0.1', '6.0.0' ],
51 silly audit   'cli-table3': [ '0.6.0' ],
51 silly audit   columnify: [ '1.5.4' ],
51 silly audit   encoding: [ '0.1.13' ],
51 silly audit   'fastest-levenshtein': [ '1.0.12' ],
51 silly audit   'init-package-json': [ '2.0.5' ],
51 silly audit   'is-cidr': [ '4.0.2' ],
51 silly audit   libnpmaccess: [ '5.0.1' ],
51 silly audit   libnpmdiff: [ '3.0.0' ],
51 silly audit   libnpmexec: [ '3.0.3' ],
51 silly audit   libnpmfund: [ '2.0.2' ],
51 silly audit   libnpmhook: [ '7.0.1' ],
51 silly audit   libnpmorg: [ '3.0.1' ],
51 silly audit   libnpmpack: [ '3.0.1' ],
51 silly audit   libnpmpublish: [ '5.0.1' ],
51 silly audit   libnpmsearch: [ '4.0.1' ],
51 silly audit   libnpmteam: [ '3.0.1' ],
51 silly audit   libnpmversion: [ '2.0.2' ],
51 silly audit   'npm-audit-report': [ '2.1.5' ],
51 silly audit   'npm-profile': [ '6.0.0' ],
51 silly audit   'npm-user-validate': [ '1.0.1' ],
51 silly audit   opener: [ '1.5.2' ],
51 silly audit   'qrcode-terminal': [ '0.12.0' ],
51 silly audit   'text-table': [ '0.2.0' ],
51 silly audit   'tiny-relative-date': [ '1.3.0' ],
51 silly audit   '@npmcli/config': [ '2.4.0' ]
51 silly audit }
52 timing reify:unpack Completed in 7ms
53 timing reify:unretire Completed in 59ms
54 timing build:queue Completed in 6ms
55 timing build:link:node_modules/npm/node_modules/opener Completed in 32ms
56 timing build:link:node_modules/npm/node_modules/qrcode-terminal Completed in 31ms
57 timing build:link:node_modules/npm Completed in 37ms
58 timing build:link Completed in 37ms
59 timing build:deps Completed in 44ms
60 timing build Completed in 44ms
61 timing reify:build Completed in 44ms
62 http fetch POST 200 https://registry.npmjs.org/-/npm/v1/security/advisories/bulk 1065ms
63 timing auditReport:getReport Completed in 1068ms
64 silly audit report {
64 silly audit report   'ansi-regex': [
64 silly audit report     {
64 silly audit report       id: 1004946,
64 silly audit report       url: 'https://github.com/advisories/GHSA-93q8-gq69-wqmw',
64 silly audit report       title: ' Inefficient Regular Expression Complexity in chalk/ansi-regex',
64 silly audit report       severity: 'moderate',
64 silly audit report       vulnerable_versions: '>2.1.1 <5.0.1'
64 silly audit report     }
64 silly audit report   ]
64 silly audit report }
65 timing metavuln:cache:get:security-advisory:ansi-regex:gipfqiXURkkimm8+IyoEer5YC1ntqyorXe7xXSHfbxT4Q2N0cl4sjpCXLBfNQSZpCf2C6BCCpq61JXzBTOWL+g== Completed in 128ms
66 http fetch GET 200 https://registry.npmjs.org/ansi-regex 3142ms (cache miss)
67 timing metavuln:packument:ansi-regex Completed in 3146ms
68 timing metavuln:load:security-advisory:ansi-regex:1004946 Completed in 2ms
69 timing metavuln:cache:put:security-advisory:ansi-regex:gipfqiXURkkimm8+IyoEer5YC1ntqyorXe7xXSHfbxT4Q2N0cl4sjpCXLBfNQSZpCf2C6BCCpq61JXzBTOWL+g== Completed in 99ms
70 timing metavuln:calculate:security-advisory:ansi-regex:1004946 Completed in 3251ms
71 timing metavuln:cache:get:security-advisory:strip-ansi:VNH7BZLDPXeb+XyBHjziFezTzkb3wUEeYZF30Shwpq+9ErFf3ja9WpDN5+1N0ZmzJRrF78Jsd1Rv6URhv1/2cQ== Completed in 3ms
72 timing reify:trash Completed in 4267ms
73 http fetch GET 200 https://registry.npmjs.org/strip-ansi 116ms (cache miss)
74 timing metavuln:packument:strip-ansi Completed in 119ms
75 timing metavuln:load:security-advisory:strip-ansi:gipfqiXURkkimm8+IyoEer5YC1ntqyorXe7xXSHfbxT4Q2N0cl4sjpCXLBfNQSZpCf2C6BCCpq61JXzBTOWL+g== Completed in 9ms
76 timing metavuln:cache:put:security-advisory:strip-ansi:VNH7BZLDPXeb+XyBHjziFezTzkb3wUEeYZF30Shwpq+9ErFf3ja9WpDN5+1N0ZmzJRrF78Jsd1Rv6URhv1/2cQ== Completed in 19ms
77 timing metavuln:calculate:security-advisory:strip-ansi:gipfqiXURkkimm8+IyoEer5YC1ntqyorXe7xXSHfbxT4Q2N0cl4sjpCXLBfNQSZpCf2C6BCCpq61JXzBTOWL+g== Completed in 147ms
78 timing auditReport:init Completed in 3402ms
79 timing reify:audit Completed in 4527ms
80 timing reify Completed in 22777ms
81 silly CHANGE node_modules/npm
82 silly REMOVE node_modules/npm/node_modules/@npmcli/disparity-colors
83 silly REMOVE node_modules/npm/node_modules/validate-npm-package-license
84 silly REMOVE node_modules/npm/node_modules/wcwidth
85 silly REMOVE node_modules/npm/node_modules/spdx-license-ids
86 silly REMOVE node_modules/npm/node_modules/spdx-correct
87 silly REMOVE node_modules/npm/node_modules/@tootallnate/once
88 silly REMOVE node_modules/npm/node_modules/@npmcli/run-script
89 silly REMOVE node_modules/npm/node_modules/@npmcli/promise-spawn
90 silly REMOVE node_modules/npm/node_modules/strip-ansi
91 silly REMOVE node_modules/npm/node_modules/@npmcli/package-json
92 silly REMOVE node_modules/npm/node_modules/@npmcli/node-gyp
93 silly REMOVE node_modules/npm/node_modules/@npmcli/name-from-folder
94 silly REMOVE node_modules/npm/node_modules/@npmcli/move-file
95 silly REMOVE node_modules/npm/node_modules/@npmcli/metavuln-calculator
96 silly REMOVE node_modules/npm/node_modules/@npmcli/map-workspaces
97 silly REMOVE node_modules/npm/node_modules/@npmcli/installed-package-contents
98 silly REMOVE node_modules/npm/node_modules/@npmcli/git
99 silly REMOVE node_modules/npm/node_modules/@npmcli/fs
100 silly CHANGE node_modules/npm/node_modules/@npmcli/config
101 silly REMOVE node_modules/npm/node_modules/@npmcli/ci-detect
102 silly REMOVE node_modules/npm/node_modules/@npmcli/arborist
103 silly REMOVE node_modules/npm/node_modules/@gar/promisify
104 silly REMOVE node_modules/npm/node_modules/@isaacs/string-locale-compare
105 silly REMOVE node_modules/npm/node_modules/yallist
106 silly REMOVE node_modules/npm/node_modules/write-file-atomic
107 silly REMOVE node_modules/npm/node_modules/stringify-package
108 silly REMOVE node_modules/npm/node_modules/string_decoder
109 silly REMOVE node_modules/npm/node_modules/wrappy
110 silly REMOVE node_modules/npm/node_modules/wide-align
111 silly REMOVE node_modules/npm/node_modules/which
112 silly REMOVE node_modules/npm/node_modules/walk-up-path
113 silly REMOVE node_modules/npm/node_modules/validate-npm-package-name
114 silly REMOVE node_modules/npm/node_modules/util-deprecate
115 silly REMOVE node_modules/npm/node_modules/unique-slug
116 silly REMOVE node_modules/npm/node_modules/unique-filename
117 silly REMOVE node_modules/npm/node_modules/typedarray-to-buffer
118 silly REMOVE node_modules/npm/node_modules/spdx-exceptions
119 silly REMOVE node_modules/npm/node_modules/treeverse
120 silly REMOVE node_modules/npm/node_modules/spdx-expression-parse
121 silly REMOVE node_modules/npm/node_modules/tar
122 silly REMOVE node_modules/npm/node_modules/supports-color
123 silly REMOVE node_modules/npm/node_modules/read-package-json
124 silly REMOVE node_modules/npm/node_modules/safe-buffer
125 silly REMOVE node_modules/npm/node_modules/object-assign
126 silly CHANGE node_modules/npm/node_modules/qrcode-terminal
127 silly REMOVE node_modules/npm/node_modules/string-width
128 silly REMOVE node_modules/npm/node_modules/string-width/node_modules/strip-ansi
129 silly REMOVE node_modules/npm/node_modules/string-width/node_modules/ansi-regex
130 silly REMOVE node_modules/npm/node_modules/ssri
131 silly REMOVE node_modules/npm/node_modules/promzard
132 silly REMOVE node_modules/npm/node_modules/read
133 silly CHANGE node_modules/npm/node_modules/opener
134 silly REMOVE node_modules/npm/node_modules/socks-proxy-agent
135 silly REMOVE node_modules/npm/node_modules/socks
136 silly REMOVE node_modules/npm/node_modules/smart-buffer
137 silly REMOVE node_modules/npm/node_modules/signal-exit
138 silly REMOVE node_modules/npm/node_modules/set-blocking
139 silly REMOVE node_modules/npm/node_modules/semver
140 silly CHANGE node_modules/npm/node_modules/npm-profile
141 silly REMOVE node_modules/npm/node_modules/safer-buffer
142 silly REMOVE node_modules/npm/node_modules/normalize-package-data
143 silly REMOVE node_modules/npm/node_modules/rimraf
144 silly REMOVE node_modules/npm/node_modules/retry
145 silly REMOVE node_modules/npm/node_modules/readdir-scoped-modules
146 silly REMOVE node_modules/npm/node_modules/readable-stream
147 silly REMOVE node_modules/npm/node_modules/read-package-json-fast
148 silly CHANGE node_modules/npm/node_modules/libnpmsearch
149 silly REMOVE node_modules/npm/node_modules/read-cmd-shim
150 silly REMOVE node_modules/npm/node_modules/mute-stream
151 silly REMOVE node_modules/npm/node_modules/promise-retry
152 silly REMOVE node_modules/npm/node_modules/promise-inflight
153 silly REMOVE node_modules/npm/node_modules/promise-call-limit
154 silly REMOVE node_modules/npm/node_modules/promise-all-reject-late
155 silly REMOVE node_modules/npm/node_modules/proc-log
156 silly REMOVE node_modules/npm/node_modules/path-is-absolute
157 silly REMOVE node_modules/npm/node_modules/pacote
158 silly REMOVE node_modules/npm/node_modules/parse-conflict-json
159 silly CHANGE node_modules/npm/node_modules/libnpmteam
160 silly CHANGE node_modules/npm/node_modules/libnpmversion
161 silly REMOVE node_modules/npm/node_modules/p-map
162 silly REMOVE node_modules/npm/node_modules/once
163 silly CHANGE node_modules/npm/node_modules/libnpmorg
164 silly CHANGE node_modules/npm/node_modules/libnpmpack
165 silly REMOVE node_modules/npm/node_modules/npmlog
166 silly REMOVE node_modules/npm/node_modules/npm-registry-fetch
167 silly REMOVE node_modules/npm/node_modules/npm-pick-manifest
168 silly REMOVE node_modules/npm/node_modules/npm-packlist
169 silly REMOVE node_modules/npm/node_modules/npm-package-arg
170 silly REMOVE node_modules/npm/node_modules/npm-bundled
171 silly REMOVE node_modules/npm/node_modules/npm-normalize-package-bin
172 silly REMOVE node_modules/npm/node_modules/npm-install-checks
173 silly REMOVE node_modules/npm/node_modules/make-fetch-happen
174 silly REMOVE node_modules/npm/node_modules/node-gyp
175 silly REMOVE node_modules/npm/node_modules/nopt
176 silly CHANGE node_modules/npm/node_modules/libnpmpublish
177 silly REMOVE node_modules/npm/node_modules/negotiator
178 silly REMOVE node_modules/npm/node_modules/ms
179 silly REMOVE node_modules/npm/node_modules/mkdirp-infer-owner
180 silly REMOVE node_modules/npm/node_modules/mkdirp
181 silly REMOVE node_modules/npm/node_modules/minizlib
182 silly REMOVE node_modules/npm/node_modules/minipass-sized
183 silly REMOVE node_modules/npm/node_modules/minipass-pipeline
184 silly REMOVE node_modules/npm/node_modules/minipass-json-stream
185 silly REMOVE node_modules/npm/node_modules/minipass-flush
186 silly REMOVE node_modules/npm/node_modules/minipass-collect
187 silly REMOVE node_modules/npm/node_modules/minipass-fetch
188 silly REMOVE node_modules/npm/node_modules/minipass
189 silly CHANGE node_modules/npm/node_modules/libnpmexec
190 silly REMOVE node_modules/npm/node_modules/minimatch
191 silly CHANGE node_modules/npm/node_modules/libnpmhook
192 silly CHANGE node_modules/npm/node_modules/libnpmdiff
193 silly REMOVE node_modules/npm/node_modules/lru-cache
194 silly CHANGE node_modules/npm/node_modules/libnpmaccess
195 silly REMOVE node_modules/npm/node_modules/is-core-module
196 silly REMOVE node_modules/npm/node_modules/ip-regex
197 silly REMOVE node_modules/npm/node_modules/defaults
198 silly REMOVE node_modules/npm/node_modules/diff
199 silly CHANGE node_modules/npm/node_modules/libnpmfund
200 silly REMOVE node_modules/npm/node_modules/env-paths
201 silly REMOVE node_modules/npm/node_modules/just-diff-apply
202 silly REMOVE node_modules/npm/node_modules/just-diff
203 silly REMOVE node_modules/npm/node_modules/jsonparse
204 silly REMOVE node_modules/npm/node_modules/json-stringify-nice
205 silly REMOVE node_modules/npm/node_modules/json-parse-even-better-errors
206 silly REMOVE node_modules/npm/node_modules/isexe
207 silly REMOVE node_modules/npm/node_modules/is-typedarray
208 silly REMOVE node_modules/npm/node_modules/is-fullwidth-code-point
209 silly REMOVE node_modules/npm/node_modules/is-lambda
210 silly REMOVE node_modules/npm/node_modules/function-bind
211 silly REMOVE node_modules/npm/node_modules/has
212 silly REMOVE node_modules/npm/node_modules/colors
213 silly REMOVE node_modules/npm/node_modules/ip
214 silly REMOVE node_modules/npm/node_modules/ini
215 silly REMOVE node_modules/npm/node_modules/inherits
216 silly REMOVE node_modules/npm/node_modules/inflight
217 silly REMOVE node_modules/npm/node_modules/infer-owner
218 silly REMOVE node_modules/npm/node_modules/indent-string
219 silly REMOVE node_modules/npm/node_modules/imurmurhash
220 silly REMOVE node_modules/npm/node_modules/ignore-walk
221 silly REMOVE node_modules/npm/node_modules/iconv-lite
222 silly REMOVE node_modules/npm/node_modules/humanize-ms
223 silly REMOVE node_modules/npm/node_modules/color-name
224 silly REMOVE node_modules/npm/node_modules/https-proxy-agent
225 silly REMOVE node_modules/npm/node_modules/http-proxy-agent
226 silly REMOVE node_modules/npm/node_modules/http-cache-semantics
227 silly REMOVE node_modules/npm/node_modules/hosted-git-info
228 silly REMOVE node_modules/npm/node_modules/has-unicode
229 silly REMOVE node_modules/npm/node_modules/clone
230 silly REMOVE node_modules/npm/node_modules/has-flag
231 silly REMOVE node_modules/npm/node_modules/graceful-fs
232 silly REMOVE node_modules/npm/node_modules/glob
233 silly REMOVE node_modules/npm/node_modules/fs.realpath
234 silly REMOVE node_modules/npm/node_modules/gauge
235 silly REMOVE node_modules/npm/node_modules/gauge/node_modules/strip-ansi
236 silly REMOVE node_modules/npm/node_modules/gauge/node_modules/string-width
237 silly REMOVE node_modules/npm/node_modules/gauge/node_modules/is-fullwidth-code-point
238 silly REMOVE node_modules/npm/node_modules/gauge/node_modules/ansi-regex
239 silly REMOVE node_modules/npm/node_modules/fs-minipass
240 silly REMOVE node_modules/npm/node_modules/color-convert
241 silly REMOVE node_modules/npm/node_modules/err-code
242 silly REMOVE node_modules/npm/node_modules/emoji-regex
243 silly REMOVE node_modules/npm/node_modules/binary-extensions
244 silly REMOVE node_modules/npm/node_modules/dezalgo
245 silly REMOVE node_modules/npm/node_modules/depd
246 silly REMOVE node_modules/npm/node_modules/delegates
247 silly REMOVE node_modules/npm/node_modules/debuglog
248 silly REMOVE node_modules/npm/node_modules/debug
249 silly REMOVE node_modules/npm/node_modules/debug/node_modules/ms
250 silly REMOVE node_modules/npm/node_modules/console-control-strings
251 silly REMOVE node_modules/npm/node_modules/concat-map
252 silly REMOVE node_modules/npm/node_modules/common-ancestor-path
253 silly REMOVE node_modules/npm/node_modules/color-support
254 silly REMOVE node_modules/npm/node_modules/ansi-regex
255 silly REMOVE node_modules/npm/node_modules/cidr-regex
256 silly REMOVE node_modules/npm/node_modules/cmd-shim
257 silly REMOVE node_modules/npm/node_modules/clean-stack
258 silly REMOVE node_modules/npm/node_modules/chownr
259 silly REMOVE node_modules/npm/node_modules/chalk
260 silly REMOVE node_modules/npm/node_modules/brace-expansion
261 silly REMOVE node_modules/npm/node_modules/cacache
262 silly REMOVE node_modules/npm/node_modules/builtins
263 silly REMOVE node_modules/npm/node_modules/bin-links
264 silly REMOVE node_modules/npm/node_modules/balanced-match
265 silly REMOVE node_modules/npm/node_modules/asap
266 silly REMOVE node_modules/npm/node_modules/are-we-there-yet
267 silly REMOVE node_modules/npm/node_modules/aproba
268 silly REMOVE node_modules/npm/node_modules/ansi-styles
269 silly REMOVE node_modules/npm/node_modules/aggregate-error
270 silly REMOVE node_modules/npm/node_modules/agentkeepalive
271 silly REMOVE node_modules/npm/node_modules/abbrev
272 silly REMOVE node_modules/npm/node_modules/agent-base
273 timing command:i Completed in 22947ms
274 verbose exit 0
275 timing npm Completed in 23546ms
276 info ok
